d:\novapapka\python-3.11.2\pcbuild\obj\311amd64_release\_ssl\vc143.pdb
d:\novapapka\python-3.11.2\pcbuild\obj\311amd64_release\_ssl\_ssl.obj
d:\novapapka\python-3.11.2\pcbuild\obj\311amd64_release\_ssl\applink.obj
d:\novapapka\python-3.11.2\pcbuild\amd64\_ssl.pyd
d:\novapapka\python-3.11.2\pcbuild\obj\311amd64_release\_ssl\_ssl.iobj
d:\novapapka\python-3.11.2\pcbuild\amd64\_ssl.pdb
d:\novapapka\python-3.11.2\pcbuild\amd64\_ssl.lib
d:\novapapka\python-3.11.2\pcbuild\amd64\_ssl.exp
d:\novapapka\python-3.11.2\pcbuild\obj\311amd64_release\_ssl\python_nt.res
d:\novapapka\python-3.11.2\pcbuild\obj\311amd64_release\_ssl\_ssl.vcxproj.filelistabsolute.txt
d:\novapapka\python-3.11.2\pcbuild\obj\311amd64_release\_ssl\_ssl.tlog\cl.command.1.tlog
d:\novapapka\python-3.11.2\pcbuild\obj\311amd64_release\_ssl\_ssl.tlog\cl.read.1.tlog
d:\novapapka\python-3.11.2\pcbuild\obj\311amd64_release\_ssl\_ssl.tlog\cl.write.1.tlog
d:\novapapka\python-3.11.2\pcbuild\obj\311amd64_release\_ssl\_ssl.tlog\link.command.1.tlog
d:\novapapka\python-3.11.2\pcbuild\obj\311amd64_release\_ssl\_ssl.tlog\link.read.1.tlog
d:\novapapka\python-3.11.2\pcbuild\obj\311amd64_release\_ssl\_ssl.tlog\link.write.1.tlog
d:\novapapka\python-3.11.2\pcbuild\obj\311amd64_release\_ssl\_ssl.tlog\link.write.2u.tlog
d:\novapapka\python-3.11.2\pcbuild\obj\311amd64_release\_ssl\_ssl.tlog\rc.command.1.tlog
d:\novapapka\python-3.11.2\pcbuild\obj\311amd64_release\_ssl\_ssl.tlog\rc.read.1.tlog
d:\novapapka\python-3.11.2\pcbuild\obj\311amd64_release\_ssl\_ssl.tlog\rc.write.1.tlog
