d:\новая папка\cpython-main\cpython-main\pcbuild\obj\312amd64_release\_freeze_module\vc143.pdb
d:\новая папка\cpython-main\cpython-main\pcbuild\obj\312amd64_release\_freeze_module\sysmodule.obj
d:\новая папка\cpython-main\cpython-main\pcbuild\obj\312amd64_release\_freeze_module\config_minimal.obj
d:\новая папка\cpython-main\cpython-main\pcbuild\obj\312amd64_release\_freeze_module\gcmodule.obj
d:\новая папка\cpython-main\cpython-main\pcbuild\obj\312amd64_release\_freeze_module\_tracemalloc.obj
d:\новая папка\cpython-main\cpython-main\pcbuild\obj\312amd64_release\_freeze_module\bytesio.obj
d:\новая папка\cpython-main\cpython-main\pcbuild\obj\312amd64_release\_freeze_module\textio.obj
d:\новая папка\cpython-main\cpython-main\pcbuild\obj\312amd64_release\_freeze_module\bytearrayobject.obj
d:\новая папка\cpython-main\cpython-main\pcbuild\obj\312amd64_release\_freeze_module\classobject.obj
d:\новая папка\cpython-main\cpython-main\pcbuild\obj\312amd64_release\_freeze_module\dictobject.obj
d:\новая папка\cpython-main\cpython-main\pcbuild\obj\312amd64_release\_freeze_module\floatobject.obj
d:\новая папка\cpython-main\cpython-main\pcbuild\obj\312amd64_release\_freeze_module\genobject.obj
d:\новая папка\cpython-main\cpython-main\pcbuild\obj\312amd64_release\_freeze_module\longobject.obj
d:\новая папка\cpython-main\cpython-main\pcbuild\obj\312amd64_release\_freeze_module\object.obj
d:\новая папка\cpython-main\cpython-main\pcbuild\obj\312amd64_release\_freeze_module\rangeobject.obj
d:\новая папка\cpython-main\cpython-main\pcbuild\obj\312amd64_release\_freeze_module\tupleobject.obj
d:\новая папка\cpython-main\cpython-main\pcbuild\obj\312amd64_release\_freeze_module\weakrefobject.obj
d:\новая папка\cpython-main\cpython-main\pcbuild\obj\312amd64_release\_freeze_module\pegen.obj
d:\новая папка\cpython-main\cpython-main\pcbuild\obj\312amd64_release\_freeze_module\_warnings.obj
d:\новая папка\cpython-main\cpython-main\pcbuild\obj\312amd64_release\_freeze_module\ast_unparse.obj
d:\новая папка\cpython-main\cpython-main\pcbuild\obj\312amd64_release\_freeze_module\codecs.obj
d:\новая папка\cpython-main\cpython-main\pcbuild\obj\312amd64_release\_freeze_module\dtoa.obj
d:\новая папка\cpython-main\cpython-main\pcbuild\obj\312amd64_release\_freeze_module\errors.obj
d:\новая папка\cpython-main\cpython-main\pcbuild\obj\312amd64_release\_freeze_module\future.obj
d:\новая папка\cpython-main\cpython-main\pcbuild\obj\312amd64_release\_freeze_module\getargs.obj
d:\новая папка\cpython-main\cpython-main\pcbuild\obj\312amd64_release\_freeze_module\import.obj
d:\новая папка\cpython-main\cpython-main\pcbuild\obj\312amd64_release\_freeze_module\marshal.obj
d:\новая папка\cpython-main\cpython-main\pcbuild\obj\312amd64_release\_freeze_module\preconfig.obj
d:\новая папка\cpython-main\cpython-main\pcbuild\obj\312amd64_release\_freeze_module\pymath.obj
d:\новая папка\cpython-main\cpython-main\pcbuild\obj\312amd64_release\_freeze_module\pystrhex.obj
d:\новая папка\cpython-main\cpython-main\pcbuild\obj\312amd64_release\_freeze_module\python-ast.obj
d:\новая папка\cpython-main\cpython-main\pcbuild\obj\312amd64_release\_freeze_module\structmember.obj
d:\новая папка\cpython-main\cpython-main\pcbuild\obj\312amd64_release\_freeze_module\symtable.obj
d:\новая папка\cpython-main\cpython-main\pcbuild\obj\312amd64_release\_freeze_module\atexitmodule.obj
d:\новая папка\cpython-main\cpython-main\pcbuild\obj\312amd64_release\_freeze_module\signalmodule.obj
d:\новая папка\cpython-main\cpython-main\pcbuild\obj\312amd64_release\_freeze_module\bufferedio.obj
d:\новая папка\cpython-main\cpython-main\pcbuild\obj\312amd64_release\_freeze_module\stringio.obj
d:\новая папка\cpython-main\cpython-main\pcbuild\obj\312amd64_release\_freeze_module\boolobject.obj
d:\новая папка\cpython-main\cpython-main\pcbuild\obj\312amd64_release\_freeze_module\bytesobject.obj
d:\новая папка\cpython-main\cpython-main\pcbuild\obj\312amd64_release\_freeze_module\complexobject.obj
d:\новая папка\cpython-main\cpython-main\pcbuild\obj\312amd64_release\_freeze_module\exceptions.obj
d:\новая папка\cpython-main\cpython-main\pcbuild\obj\312amd64_release\_freeze_module\funcobject.obj
d:\новая папка\cpython-main\cpython-main\pcbuild\obj\312amd64_release\_freeze_module\iterobject.obj
d:\новая папка\cpython-main\cpython-main\pcbuild\obj\312amd64_release\_freeze_module\methodobject.obj
d:\новая папка\cpython-main\cpython-main\pcbuild\obj\312amd64_release\_freeze_module\obmalloc.obj
d:\новая папка\cpython-main\cpython-main\pcbuild\obj\312amd64_release\_freeze_module\sliceobject.obj
d:\новая папка\cpython-main\cpython-main\pcbuild\obj\312amd64_release\_freeze_module\unicodectype.obj
d:\новая папка\cpython-main\cpython-main\pcbuild\obj\312amd64_release\_freeze_module\unionobject.obj
d:\новая папка\cpython-main\cpython-main\pcbuild\obj\312amd64_release\_freeze_module\parser.obj
d:\новая папка\cpython-main\cpython-main\pcbuild\obj\312amd64_release\_freeze_module\string_parser.obj
d:\новая папка\cpython-main\cpython-main\pcbuild\obj\312amd64_release\_freeze_module\tokenizer.obj
d:\новая папка\cpython-main\cpython-main\pcbuild\obj\312amd64_release\_freeze_module\asdl.obj
d:\новая папка\cpython-main\cpython-main\pcbuild\obj\312amd64_release\_freeze_module\ast.obj
d:\новая папка\cpython-main\cpython-main\pcbuild\obj\312amd64_release\_freeze_module\bltinmodule.obj
d:\новая папка\cpython-main\cpython-main\pcbuild\obj\312amd64_release\_freeze_module\compile.obj
d:\новая папка\cpython-main\cpython-main\pcbuild\obj\312amd64_release\_freeze_module\dynload_win.obj
d:\новая папка\cpython-main\cpython-main\pcbuild\obj\312amd64_release\_freeze_module\formatter_unicode.obj
d:\новая папка\cpython-main\cpython-main\pcbuild\obj\312amd64_release\_freeze_module\getcopyright.obj
d:\новая папка\cpython-main\cpython-main\pcbuild\obj\312amd64_release\_freeze_module\ceval_gil.obj
d:\новая папка\cpython-main\cpython-main\pcbuild\obj\312amd64_release\_freeze_module\initconfig.obj
d:\новая папка\cpython-main\cpython-main\pcbuild\obj\312amd64_release\_freeze_module\mystrtoul.obj
d:\новая папка\cpython-main\cpython-main\pcbuild\obj\312amd64_release\_freeze_module\pyarena.obj
d:\новая папка\cpython-main\cpython-main\pcbuild\obj\312amd64_release\_freeze_module\pyfpe.obj
d:\новая папка\cpython-main\cpython-main\pcbuild\obj\312amd64_release\_freeze_module\pyhash.obj
d:\новая папка\cpython-main\cpython-main\pcbuild\obj\312amd64_release\_freeze_module\pystrcmp.obj
d:\новая папка\cpython-main\cpython-main\pcbuild\obj\312amd64_release\_freeze_module\pystrtod.obj
d:\новая папка\cpython-main\cpython-main\pcbuild\obj\312amd64_release\_freeze_module\pythonrun.obj
d:\новая папка\cpython-main\cpython-main\pcbuild\obj\312amd64_release\_freeze_module\specialize.obj
d:\новая папка\cpython-main\cpython-main\pcbuild\obj\312amd64_release\_freeze_module\traceback.obj
d:\новая папка\cpython-main\cpython-main\pcbuild\obj\312amd64_release\_freeze_module\faulthandler.obj
d:\новая папка\cpython-main\cpython-main\pcbuild\obj\312amd64_release\_freeze_module\timemodule.obj
d:\новая папка\cpython-main\cpython-main\pcbuild\obj\312amd64_release\_freeze_module\_iomodule.obj
d:\новая папка\cpython-main\cpython-main\pcbuild\obj\312amd64_release\_freeze_module\iobase.obj
d:\новая папка\cpython-main\cpython-main\pcbuild\obj\312amd64_release\_freeze_module\abstract.obj
d:\новая папка\cpython-main\cpython-main\pcbuild\obj\312amd64_release\_freeze_module\call.obj
d:\новая папка\cpython-main\cpython-main\pcbuild\obj\312amd64_release\_freeze_module\codeobject.obj
d:\новая папка\cpython-main\cpython-main\pcbuild\obj\312amd64_release\_freeze_module\enumobject.obj
d:\новая папка\cpython-main\cpython-main\pcbuild\obj\312amd64_release\_freeze_module\frameobject.obj
d:\новая папка\cpython-main\cpython-main\pcbuild\obj\312amd64_release\_freeze_module\interpreteridobject.obj
d:\новая папка\cpython-main\cpython-main\pcbuild\obj\312amd64_release\_freeze_module\memoryobject.obj
d:\новая папка\cpython-main\cpython-main\pcbuild\obj\312amd64_release\_freeze_module\namespaceobject.obj
d:\новая папка\cpython-main\cpython-main\pcbuild\obj\312amd64_release\_freeze_module\odictobject.obj
d:\новая папка\cpython-main\cpython-main\pcbuild\obj\312amd64_release\_freeze_module\structseq.obj
d:\новая папка\cpython-main\cpython-main\pcbuild\obj\312amd64_release\_freeze_module\unicodeobject.obj
d:\новая папка\cpython-main\cpython-main\pcbuild\obj\312amd64_release\_freeze_module\peg_api.obj
d:\новая папка\cpython-main\cpython-main\pcbuild\obj\312amd64_release\_freeze_module\pegen_errors.obj
d:\новая папка\cpython-main\cpython-main\pcbuild\obj\312amd64_release\_freeze_module\token.obj
d:\новая папка\cpython-main\cpython-main\pcbuild\obj\312amd64_release\_freeze_module\invalid_parameter_handler.obj
d:\новая папка\cpython-main\cpython-main\pcbuild\obj\312amd64_release\_freeze_module\msvcrtmodule.obj
d:\новая папка\cpython-main\cpython-main\pcbuild\obj\312amd64_release\_freeze_module\bootstrap_hash.obj
d:\новая папка\cpython-main\cpython-main\pcbuild\obj\312amd64_release\_freeze_module\context.obj
d:\новая папка\cpython-main\cpython-main\pcbuild\obj\312amd64_release\_freeze_module\dynamic_annotations.obj
d:\новая папка\cpython-main\cpython-main\pcbuild\obj\312amd64_release\_freeze_module\frame.obj
d:\новая папка\cpython-main\cpython-main\pcbuild\obj\312amd64_release\_freeze_module\getopt.obj
d:\новая папка\cpython-main\cpython-main\pcbuild\obj\312amd64_release\_freeze_module\getversion.obj
d:\новая папка\cpython-main\cpython-main\pcbuild\obj\312amd64_release\_freeze_module\hashtable.obj
d:\новая папка\cpython-main\cpython-main\pcbuild\obj\312amd64_release\_freeze_module\importdl.obj
d:\новая папка\cpython-main\cpython-main\pcbuild\obj\312amd64_release\_freeze_module\modsupport.obj
d:\новая папка\cpython-main\cpython-main\pcbuild\obj\312amd64_release\_freeze_module\mysnprintf.obj
d:\новая папка\cpython-main\cpython-main\pcbuild\obj\312amd64_release\_freeze_module\perf_trampoline.obj
d:\новая папка\cpython-main\cpython-main\pcbuild\obj\312amd64_release\_freeze_module\pyctype.obj
d:\новая папка\cpython-main\cpython-main\pcbuild\obj\312amd64_release\_freeze_module\pylifecycle.obj
d:\новая папка\cpython-main\cpython-main\pcbuild\obj\312amd64_release\_freeze_module\python-tokenize.obj
d:\новая папка\cpython-main\cpython-main\pcbuild\obj\312amd64_release\_freeze_module\suggestions.obj
d:\новая папка\cpython-main\cpython-main\pcbuild\obj\312amd64_release\_freeze_module\_freeze_module.obj
d:\новая папка\cpython-main\cpython-main\pcbuild\obj\312amd64_release\_freeze_module\getbuildinfo.obj
d:\новая папка\cpython-main\cpython-main\pcbuild\obj\312amd64_release\_freeze_module\getpath_noop.obj
d:\новая папка\cpython-main\cpython-main\pcbuild\obj\312amd64_release\_freeze_module\posixmodule.obj
d:\новая папка\cpython-main\cpython-main\pcbuild\obj\312amd64_release\_freeze_module\fileio.obj
d:\новая папка\cpython-main\cpython-main\pcbuild\obj\312amd64_release\_freeze_module\winconsoleio.obj
d:\новая папка\cpython-main\cpython-main\pcbuild\obj\312amd64_release\_freeze_module\bytes_methods.obj
d:\новая папка\cpython-main\cpython-main\pcbuild\obj\312amd64_release\_freeze_module\capsule.obj
d:\новая папка\cpython-main\cpython-main\pcbuild\obj\312amd64_release\_freeze_module\cellobject.obj
d:\новая папка\cpython-main\cpython-main\pcbuild\obj\312amd64_release\_freeze_module\descrobject.obj
d:\новая папка\cpython-main\cpython-main\pcbuild\obj\312amd64_release\_freeze_module\fileobject.obj
d:\новая папка\cpython-main\cpython-main\pcbuild\obj\312amd64_release\_freeze_module\genericaliasobject.obj
d:\новая папка\cpython-main\cpython-main\pcbuild\obj\312amd64_release\_freeze_module\listobject.obj
d:\новая папка\cpython-main\cpython-main\pcbuild\obj\312amd64_release\_freeze_module\moduleobject.obj
d:\новая папка\cpython-main\cpython-main\pcbuild\obj\312amd64_release\_freeze_module\picklebufobject.obj
d:\новая папка\cpython-main\cpython-main\pcbuild\obj\312amd64_release\_freeze_module\setobject.obj
d:\новая папка\cpython-main\cpython-main\pcbuild\obj\312amd64_release\_freeze_module\typeobject.obj
d:\новая папка\cpython-main\cpython-main\pcbuild\obj\312amd64_release\_freeze_module\myreadline.obj
d:\новая папка\cpython-main\cpython-main\pcbuild\obj\312amd64_release\_freeze_module\action_helpers.obj
d:\новая папка\cpython-main\cpython-main\pcbuild\obj\312amd64_release\_freeze_module\winreg.obj
d:\новая папка\cpython-main\cpython-main\pcbuild\obj\312amd64_release\_freeze_module\ast_opt.obj
d:\новая папка\cpython-main\cpython-main\pcbuild\obj\312amd64_release\_freeze_module\ceval.obj
d:\новая папка\cpython-main\cpython-main\pcbuild\obj\312amd64_release\_freeze_module\fileutils.obj
d:\новая папка\cpython-main\cpython-main\pcbuild\obj\312amd64_release\_freeze_module\getcompiler.obj
d:\новая папка\cpython-main\cpython-main\pcbuild\obj\312amd64_release\_freeze_module\getplatform.obj
d:\новая папка\cpython-main\cpython-main\pcbuild\obj\312amd64_release\_freeze_module\hamt.obj
d:\новая папка\cpython-main\cpython-main\pcbuild\obj\312amd64_release\_freeze_module\intrinsics.obj
d:\новая папка\cpython-main\cpython-main\pcbuild\obj\312amd64_release\_freeze_module\pathconfig.obj
d:\новая папка\cpython-main\cpython-main\pcbuild\obj\312amd64_release\_freeze_module\pystate.obj
d:\новая папка\cpython-main\cpython-main\pcbuild\obj\312amd64_release\_freeze_module\pytime.obj
d:\новая папка\cpython-main\cpython-main\pcbuild\obj\312amd64_release\_freeze_module\thread.obj
d:\новая папка\cpython-main\cpython-main\pcbuild\amd64\_freeze_module.exe
d:\новая папка\cpython-main\cpython-main\pcbuild\amd64\_freeze_module.pdb
d:\новая папка\cpython-main\cpython-main\pcbuild\obj\312amd64_release\_freeze_module\_freeze_module.vcxproj.filelistabsolute.txt
d:\новая папка\cpython-main\cpython-main\pcbuild\obj\312amd64_release\_freeze_module\_freeze_module.tlog\cl.command.1.tlog
d:\новая папка\cpython-main\cpython-main\pcbuild\obj\312amd64_release\_freeze_module\_freeze_module.tlog\cl.read.1.tlog
d:\новая папка\cpython-main\cpython-main\pcbuild\obj\312amd64_release\_freeze_module\_freeze_module.tlog\cl.write.1.tlog
d:\новая папка\cpython-main\cpython-main\pcbuild\obj\312amd64_release\_freeze_module\_freeze_module.tlog\link.command.1.tlog
d:\новая папка\cpython-main\cpython-main\pcbuild\obj\312amd64_release\_freeze_module\_freeze_module.tlog\link.read.1.tlog
d:\новая папка\cpython-main\cpython-main\pcbuild\obj\312amd64_release\_freeze_module\_freeze_module.tlog\link.write.1.tlog
