d:\novapapka\python-3.11.2\pcbuild\obj\311amd64_release\_ctypes\cfield.obj
d:\novapapka\python-3.11.2\pcbuild\obj\311amd64_release\_ctypes\callproc.obj
d:\novapapka\python-3.11.2\pcbuild\obj\311amd64_release\_ctypes\_ctypes.obj
d:\novapapka\python-3.11.2\pcbuild\obj\311amd64_release\_ctypes\stgdict.obj
d:\novapapka\python-3.11.2\pcbuild\obj\311amd64_release\_ctypes\malloc_closure.obj
d:\novapapka\python-3.11.2\pcbuild\obj\311amd64_release\_ctypes\callbacks.obj
d:\novapapka\python-3.11.2\pcbuild\obj\311amd64_release\_ctypes\vc143.pdb
d:\novapapka\python-3.11.2\pcbuild\amd64\_ctypes.pdb
d:\novapapka\python-3.11.2\pcbuild\amd64\_ctypes.pyd
d:\novapapka\python-3.11.2\pcbuild\obj\311amd64_release\_ctypes\_ctypes.iobj
d:\novapapka\python-3.11.2\pcbuild\amd64\_ctypes.lib
d:\novapapka\python-3.11.2\pcbuild\amd64\_ctypes.exp
d:\novapapka\python-3.11.2\pcbuild\obj\311amd64_release\_ctypes\python_nt.res
d:\novapapka\python-3.11.2\pcbuild\obj\311amd64_release\_ctypes\_ctypes.vcxproj.filelistabsolute.txt
d:\novapapka\python-3.11.2\pcbuild\obj\311amd64_release\_ctypes\_ctypes.tlog\cl.13608.write.1.tlog
d:\novapapka\python-3.11.2\pcbuild\obj\311amd64_release\_ctypes\_ctypes.tlog\cl.command.1.tlog
d:\novapapka\python-3.11.2\pcbuild\obj\311amd64_release\_ctypes\_ctypes.tlog\cl.read.1.tlog
d:\novapapka\python-3.11.2\pcbuild\obj\311amd64_release\_ctypes\_ctypes.tlog\lib-link-cvtres.read.1.tlog
d:\novapapka\python-3.11.2\pcbuild\obj\311amd64_release\_ctypes\_ctypes.tlog\lib-link-cvtres.write.1.tlog
d:\novapapka\python-3.11.2\pcbuild\obj\311amd64_release\_ctypes\_ctypes.tlog\lib.command.1.tlog
d:\novapapka\python-3.11.2\pcbuild\obj\311amd64_release\_ctypes\_ctypes.tlog\link.command.1.tlog
d:\novapapka\python-3.11.2\pcbuild\obj\311amd64_release\_ctypes\_ctypes.tlog\link.read.1.tlog
d:\novapapka\python-3.11.2\pcbuild\obj\311amd64_release\_ctypes\_ctypes.tlog\link.write.1.tlog
d:\novapapka\python-3.11.2\pcbuild\obj\311amd64_release\_ctypes\_ctypes.tlog\link.write.2u.tlog
d:\novapapka\python-3.11.2\pcbuild\obj\311amd64_release\_ctypes\_ctypes.tlog\rc.command.1.tlog
d:\novapapka\python-3.11.2\pcbuild\obj\311amd64_release\_ctypes\_ctypes.tlog\rc.read.1.tlog
d:\novapapka\python-3.11.2\pcbuild\obj\311amd64_release\_ctypes\_ctypes.tlog\rc.write.1.tlog
