d:\novapapka\python-3.11.2\pcbuild\obj\311amd64_release\_bz2\bzlib.obj
d:\novapapka\python-3.11.2\pcbuild\obj\311amd64_release\_bz2\decompress.obj
d:\novapapka\python-3.11.2\pcbuild\obj\311amd64_release\_bz2\blocksort.obj
d:\novapapka\python-3.11.2\pcbuild\obj\311amd64_release\_bz2\huffman.obj
d:\novapapka\python-3.11.2\pcbuild\obj\311amd64_release\_bz2\_bz2module.obj
d:\novapapka\python-3.11.2\pcbuild\obj\311amd64_release\_bz2\randtable.obj
d:\novapapka\python-3.11.2\pcbuild\obj\311amd64_release\_bz2\compress.obj
d:\novapapka\python-3.11.2\pcbuild\obj\311amd64_release\_bz2\crctable.obj
d:\novapapka\python-3.11.2\pcbuild\obj\311amd64_release\_bz2\vc143.pdb
d:\novapapka\python-3.11.2\pcbuild\amd64\_bz2.pyd
d:\novapapka\python-3.11.2\pcbuild\obj\311amd64_release\_bz2\_bz2.iobj
d:\novapapka\python-3.11.2\pcbuild\amd64\_bz2.pdb
d:\novapapka\python-3.11.2\pcbuild\amd64\_bz2.lib
d:\novapapka\python-3.11.2\pcbuild\amd64\_bz2.exp
d:\novapapka\python-3.11.2\pcbuild\obj\311amd64_release\_bz2\python_nt.res
d:\novapapka\python-3.11.2\pcbuild\obj\311amd64_release\_bz2\_bz2.vcxproj.filelistabsolute.txt
d:\novapapka\python-3.11.2\pcbuild\obj\311amd64_release\_bz2\_bz2.tlog\cl.14868.write.1.tlog
d:\novapapka\python-3.11.2\pcbuild\obj\311amd64_release\_bz2\_bz2.tlog\cl.command.1.tlog
d:\novapapka\python-3.11.2\pcbuild\obj\311amd64_release\_bz2\_bz2.tlog\cl.read.1.tlog
d:\novapapka\python-3.11.2\pcbuild\obj\311amd64_release\_bz2\_bz2.tlog\link.command.1.tlog
d:\novapapka\python-3.11.2\pcbuild\obj\311amd64_release\_bz2\_bz2.tlog\link.read.1.tlog
d:\novapapka\python-3.11.2\pcbuild\obj\311amd64_release\_bz2\_bz2.tlog\link.write.1.tlog
d:\novapapka\python-3.11.2\pcbuild\obj\311amd64_release\_bz2\_bz2.tlog\link.write.2u.tlog
d:\novapapka\python-3.11.2\pcbuild\obj\311amd64_release\_bz2\_bz2.tlog\rc.command.1.tlog
d:\novapapka\python-3.11.2\pcbuild\obj\311amd64_release\_bz2\_bz2.tlog\rc.read.1.tlog
d:\novapapka\python-3.11.2\pcbuild\obj\311amd64_release\_bz2\_bz2.tlog\rc.write.1.tlog
