d:\novapapka\python-3.11.2\pcbuild\obj\311amd64_release\_multiprocessing\semaphore.obj
d:\novapapka\python-3.11.2\pcbuild\obj\311amd64_release\_multiprocessing\multiprocessing.obj
d:\novapapka\python-3.11.2\pcbuild\obj\311amd64_release\_multiprocessing\vc143.pdb
d:\novapapka\python-3.11.2\pcbuild\amd64\_multiprocessing.pyd
d:\novapapka\python-3.11.2\pcbuild\obj\311amd64_release\_multiprocessing\_multiprocessing.iobj
d:\novapapka\python-3.11.2\pcbuild\amd64\_multiprocessing.pdb
d:\novapapka\python-3.11.2\pcbuild\amd64\_multiprocessing.lib
d:\novapapka\python-3.11.2\pcbuild\amd64\_multiprocessing.exp
d:\novapapka\python-3.11.2\pcbuild\obj\311amd64_release\_multiprocessing\python_nt.res
d:\novapapka\python-3.11.2\pcbuild\obj\311amd64_release\_multiprocessing\_multiprocessing.vcxproj.filelistabsolute.txt
d:\novapapka\python-3.11.2\pcbuild\obj\311amd64_release\_multiprocessing\_multiprocessing.tlog\cl.19604.write.1.tlog
d:\novapapka\python-3.11.2\pcbuild\obj\311amd64_release\_multiprocessing\_multiprocessing.tlog\cl.command.1.tlog
d:\novapapka\python-3.11.2\pcbuild\obj\311amd64_release\_multiprocessing\_multiprocessing.tlog\cl.read.1.tlog
d:\novapapka\python-3.11.2\pcbuild\obj\311amd64_release\_multiprocessing\_multiprocessing.tlog\link.command.1.tlog
d:\novapapka\python-3.11.2\pcbuild\obj\311amd64_release\_multiprocessing\_multiprocessing.tlog\link.read.1.tlog
d:\novapapka\python-3.11.2\pcbuild\obj\311amd64_release\_multiprocessing\_multiprocessing.tlog\link.write.1.tlog
d:\novapapka\python-3.11.2\pcbuild\obj\311amd64_release\_multiprocessing\_multiprocessing.tlog\link.write.2u.tlog
d:\novapapka\python-3.11.2\pcbuild\obj\311amd64_release\_multiprocessing\_multiprocessing.tlog\rc.command.1.tlog
d:\novapapka\python-3.11.2\pcbuild\obj\311amd64_release\_multiprocessing\_multiprocessing.tlog\rc.read.1.tlog
d:\novapapka\python-3.11.2\pcbuild\obj\311amd64_release\_multiprocessing\_multiprocessing.tlog\rc.write.1.tlog
