d:\novapapka\python-3.11.2\pcbuild\obj\311amd64_release\liblzma\crc32_fast.obj
d:\novapapka\python-3.11.2\pcbuild\obj\311amd64_release\liblzma\crc32_table.obj
d:\novapapka\python-3.11.2\pcbuild\obj\311amd64_release\liblzma\alone_decoder.obj
d:\novapapka\python-3.11.2\pcbuild\obj\311amd64_release\liblzma\block_buffer_encoder.obj
d:\novapapka\python-3.11.2\pcbuild\obj\311amd64_release\liblzma\block_header_encoder.obj
d:\novapapka\python-3.11.2\pcbuild\obj\311amd64_release\liblzma\easy_decoder_memusage.obj
d:\novapapka\python-3.11.2\pcbuild\obj\311amd64_release\liblzma\filter_buffer_decoder.obj
d:\novapapka\python-3.11.2\pcbuild\obj\311amd64_release\liblzma\filter_encoder.obj
d:\novapapka\python-3.11.2\pcbuild\obj\311amd64_release\liblzma\hardware_physmem.obj
d:\novapapka\python-3.11.2\pcbuild\obj\311amd64_release\liblzma\index_hash.obj
d:\novapapka\python-3.11.2\pcbuild\obj\311amd64_release\liblzma\stream_buffer_decoder.obj
d:\novapapka\python-3.11.2\pcbuild\obj\311amd64_release\liblzma\stream_encoder_mt.obj
d:\novapapka\python-3.11.2\pcbuild\obj\311amd64_release\liblzma\vli_decoder.obj
d:\novapapka\python-3.11.2\pcbuild\obj\311amd64_release\liblzma\delta_decoder.obj
d:\novapapka\python-3.11.2\pcbuild\obj\311amd64_release\liblzma\lzma_decoder.obj
d:\novapapka\python-3.11.2\pcbuild\obj\311amd64_release\liblzma\lz_decoder.obj
d:\novapapka\python-3.11.2\pcbuild\obj\311amd64_release\liblzma\price_table.obj
d:\novapapka\python-3.11.2\pcbuild\obj\311amd64_release\liblzma\powerpc.obj
d:\novapapka\python-3.11.2\pcbuild\obj\311amd64_release\liblzma\sparc.obj
d:\novapapka\python-3.11.2\pcbuild\obj\311amd64_release\liblzma\check.obj
d:\novapapka\python-3.11.2\pcbuild\obj\311amd64_release\liblzma\crc64_fast.obj
d:\novapapka\python-3.11.2\pcbuild\obj\311amd64_release\liblzma\alone_encoder.obj
d:\novapapka\python-3.11.2\pcbuild\obj\311amd64_release\liblzma\block_decoder.obj
d:\novapapka\python-3.11.2\pcbuild\obj\311amd64_release\liblzma\block_util.obj
d:\novapapka\python-3.11.2\pcbuild\obj\311amd64_release\liblzma\easy_encoder.obj
d:\novapapka\python-3.11.2\pcbuild\obj\311amd64_release\liblzma\filter_buffer_encoder.obj
d:\novapapka\python-3.11.2\pcbuild\obj\311amd64_release\liblzma\filter_flags_decoder.obj
d:\novapapka\python-3.11.2\pcbuild\obj\311amd64_release\liblzma\index.obj
d:\novapapka\python-3.11.2\pcbuild\obj\311amd64_release\liblzma\outqueue.obj
d:\novapapka\python-3.11.2\pcbuild\obj\311amd64_release\liblzma\stream_encoder.obj
d:\novapapka\python-3.11.2\pcbuild\obj\311amd64_release\liblzma\stream_flags_encoder.obj
d:\novapapka\python-3.11.2\pcbuild\obj\311amd64_release\liblzma\delta_common.obj
d:\novapapka\python-3.11.2\pcbuild\obj\311amd64_release\liblzma\lzma2_decoder.obj
d:\novapapka\python-3.11.2\pcbuild\obj\311amd64_release\liblzma\lzma_encoder_optimum_fast.obj
d:\novapapka\python-3.11.2\pcbuild\obj\311amd64_release\liblzma\lz_encoder.obj
d:\novapapka\python-3.11.2\pcbuild\obj\311amd64_release\liblzma\armthumb.obj
d:\novapapka\python-3.11.2\pcbuild\obj\311amd64_release\liblzma\simple_decoder.obj
d:\novapapka\python-3.11.2\pcbuild\obj\311amd64_release\liblzma\tuklib_physmem.obj
d:\novapapka\python-3.11.2\pcbuild\obj\311amd64_release\liblzma\sha256.obj
d:\novapapka\python-3.11.2\pcbuild\obj\311amd64_release\liblzma\block_buffer_decoder.obj
d:\novapapka\python-3.11.2\pcbuild\obj\311amd64_release\liblzma\block_header_decoder.obj
d:\novapapka\python-3.11.2\pcbuild\obj\311amd64_release\liblzma\easy_buffer_encoder.obj
d:\novapapka\python-3.11.2\pcbuild\obj\311amd64_release\liblzma\easy_preset.obj
d:\novapapka\python-3.11.2\pcbuild\obj\311amd64_release\liblzma\filter_decoder.obj
d:\novapapka\python-3.11.2\pcbuild\obj\311amd64_release\liblzma\hardware_cputhreads.obj
d:\novapapka\python-3.11.2\pcbuild\obj\311amd64_release\liblzma\index_decoder.obj
d:\novapapka\python-3.11.2\pcbuild\obj\311amd64_release\liblzma\stream_decoder.obj
d:\novapapka\python-3.11.2\pcbuild\obj\311amd64_release\liblzma\stream_flags_common.obj
d:\novapapka\python-3.11.2\pcbuild\obj\311amd64_release\liblzma\vli_encoder.obj
d:\novapapka\python-3.11.2\pcbuild\obj\311amd64_release\liblzma\delta_encoder.obj
d:\novapapka\python-3.11.2\pcbuild\obj\311amd64_release\liblzma\lzma2_encoder.obj
d:\novapapka\python-3.11.2\pcbuild\obj\311amd64_release\liblzma\lzma_encoder_optimum_normal.obj
d:\novapapka\python-3.11.2\pcbuild\obj\311amd64_release\liblzma\lz_encoder_mf.obj
d:\novapapka\python-3.11.2\pcbuild\obj\311amd64_release\liblzma\ia64.obj
d:\novapapka\python-3.11.2\pcbuild\obj\311amd64_release\liblzma\simple_encoder.obj
d:\novapapka\python-3.11.2\pcbuild\obj\311amd64_release\liblzma\tuklib_cpucores.obj
d:\novapapka\python-3.11.2\pcbuild\obj\311amd64_release\liblzma\crc64_table.obj
d:\novapapka\python-3.11.2\pcbuild\obj\311amd64_release\liblzma\auto_decoder.obj
d:\novapapka\python-3.11.2\pcbuild\obj\311amd64_release\liblzma\block_encoder.obj
d:\novapapka\python-3.11.2\pcbuild\obj\311amd64_release\liblzma\common.obj
d:\novapapka\python-3.11.2\pcbuild\obj\311amd64_release\liblzma\easy_encoder_memusage.obj
d:\novapapka\python-3.11.2\pcbuild\obj\311amd64_release\liblzma\filter_common.obj
d:\novapapka\python-3.11.2\pcbuild\obj\311amd64_release\liblzma\filter_flags_encoder.obj
d:\novapapka\python-3.11.2\pcbuild\obj\311amd64_release\liblzma\index_encoder.obj
d:\novapapka\python-3.11.2\pcbuild\obj\311amd64_release\liblzma\stream_buffer_encoder.obj
d:\novapapka\python-3.11.2\pcbuild\obj\311amd64_release\liblzma\stream_flags_decoder.obj
d:\novapapka\python-3.11.2\pcbuild\obj\311amd64_release\liblzma\vli_size.obj
d:\novapapka\python-3.11.2\pcbuild\obj\311amd64_release\liblzma\fastpos_table.obj
d:\novapapka\python-3.11.2\pcbuild\obj\311amd64_release\liblzma\lzma_encoder.obj
d:\novapapka\python-3.11.2\pcbuild\obj\311amd64_release\liblzma\lzma_encoder_presets.obj
d:\novapapka\python-3.11.2\pcbuild\obj\311amd64_release\liblzma\arm.obj
d:\novapapka\python-3.11.2\pcbuild\obj\311amd64_release\liblzma\simple_coder.obj
d:\novapapka\python-3.11.2\pcbuild\obj\311amd64_release\liblzma\x86.obj
d:\novapapka\python-3.11.2\pcbuild\amd64\liblzma.pdb
d:\novapapka\python-3.11.2\pcbuild\amd64\liblzma.lib
d:\novapapka\python-3.11.2\pcbuild\obj\311amd64_release\liblzma\liblzma.vcxproj.filelistabsolute.txt
d:\novapapka\python-3.11.2\pcbuild\obj\311amd64_release\liblzma\liblzma.tlog\cl.10772.write.1.tlog
d:\novapapka\python-3.11.2\pcbuild\obj\311amd64_release\liblzma\liblzma.tlog\cl.command.1.tlog
d:\novapapka\python-3.11.2\pcbuild\obj\311amd64_release\liblzma\liblzma.tlog\cl.read.1.tlog
d:\novapapka\python-3.11.2\pcbuild\obj\311amd64_release\liblzma\liblzma.tlog\lib-link.read.1.tlog
d:\novapapka\python-3.11.2\pcbuild\obj\311amd64_release\liblzma\liblzma.tlog\lib-link.write.1.tlog
d:\novapapka\python-3.11.2\pcbuild\obj\311amd64_release\liblzma\liblzma.tlog\lib.command.1.tlog
