d:\новая папка\cpython-main\cpython-main\pcbuild\obj\312amd64_release\_decimal\context.obj
d:\новая папка\cpython-main\cpython-main\pcbuild\obj\312amd64_release\_decimal\difradix2.obj
d:\новая папка\cpython-main\cpython-main\pcbuild\obj\312amd64_release\_decimal\mpalloc.obj
d:\новая папка\cpython-main\cpython-main\pcbuild\obj\312amd64_release\_decimal\transpose.obj
d:\новая папка\cpython-main\cpython-main\pcbuild\obj\312amd64_release\_decimal\basearith.obj
d:\новая папка\cpython-main\cpython-main\pcbuild\obj\312amd64_release\_decimal\convolute.obj
d:\новая папка\cpython-main\cpython-main\pcbuild\obj\312amd64_release\_decimal\fnt.obj
d:\новая папка\cpython-main\cpython-main\pcbuild\obj\312amd64_release\_decimal\io.obj
d:\новая папка\cpython-main\cpython-main\pcbuild\obj\312amd64_release\_decimal\sixstep.obj
d:\новая папка\cpython-main\cpython-main\pcbuild\obj\312amd64_release\_decimal\_decimal.obj
d:\новая папка\cpython-main\cpython-main\pcbuild\obj\312amd64_release\_decimal\mpdecimal.obj
d:\новая папка\cpython-main\cpython-main\pcbuild\obj\312amd64_release\_decimal\constants.obj
d:\новая папка\cpython-main\cpython-main\pcbuild\obj\312amd64_release\_decimal\crt.obj
d:\новая папка\cpython-main\cpython-main\pcbuild\obj\312amd64_release\_decimal\fourstep.obj
d:\новая папка\cpython-main\cpython-main\pcbuild\obj\312amd64_release\_decimal\numbertheory.obj
d:\новая папка\cpython-main\cpython-main\pcbuild\obj\312amd64_release\_decimal\vc143.pdb
d:\новая папка\cpython-main\cpython-main\pcbuild\obj\312amd64_release\_decimal\vcdiv64.obj
d:\новая папка\cpython-main\cpython-main\pcbuild\obj\312amd64_release\_decimal\python_nt.res
d:\новая папка\cpython-main\cpython-main\pcbuild\obj\312amd64_release\_decimal\_decimal.vcxproj.filelistabsolute.txt
d:\новая папка\cpython-main\cpython-main\pcbuild\obj\312amd64_release\_decimal\_decimal.tlog\cl.10484.write.1.tlog
d:\новая папка\cpython-main\cpython-main\pcbuild\obj\312amd64_release\_decimal\_decimal.tlog\cl.command.1.tlog
d:\новая папка\cpython-main\cpython-main\pcbuild\obj\312amd64_release\_decimal\_decimal.tlog\cl.read.1.tlog
d:\новая папка\cpython-main\cpython-main\pcbuild\obj\312amd64_release\_decimal\_decimal.tlog\custombuild.command.1.tlog
d:\новая папка\cpython-main\cpython-main\pcbuild\obj\312amd64_release\_decimal\_decimal.tlog\custombuild.read.1.tlog
d:\новая папка\cpython-main\cpython-main\pcbuild\obj\312amd64_release\_decimal\_decimal.tlog\custombuild.write.1.tlog
d:\новая папка\cpython-main\cpython-main\pcbuild\obj\312amd64_release\_decimal\_decimal.tlog\link.command.1.tlog
d:\новая папка\cpython-main\cpython-main\pcbuild\obj\312amd64_release\_decimal\_decimal.tlog\link.read.1.tlog
d:\новая папка\cpython-main\cpython-main\pcbuild\obj\312amd64_release\_decimal\_decimal.tlog\link.write.1.tlog
d:\новая папка\cpython-main\cpython-main\pcbuild\obj\312amd64_release\_decimal\_decimal.tlog\rc.command.1.tlog
d:\новая папка\cpython-main\cpython-main\pcbuild\obj\312amd64_release\_decimal\_decimal.tlog\rc.read.1.tlog
d:\новая папка\cpython-main\cpython-main\pcbuild\obj\312amd64_release\_decimal\_decimal.tlog\rc.write.1.tlog
