d:\novapapka\python-3.11.2\pcbuild\obj\311amd64_release\pyexpat\xmlrole.obj
d:\novapapka\python-3.11.2\pcbuild\obj\311amd64_release\pyexpat\pyexpat.obj
d:\novapapka\python-3.11.2\pcbuild\obj\311amd64_release\pyexpat\xmlparse.obj
d:\novapapka\python-3.11.2\pcbuild\obj\311amd64_release\pyexpat\xmltok.obj
d:\novapapka\python-3.11.2\pcbuild\obj\311amd64_release\pyexpat\vc143.pdb
d:\novapapka\python-3.11.2\pcbuild\amd64\pyexpat.pyd
d:\novapapka\python-3.11.2\pcbuild\obj\311amd64_release\pyexpat\pyexpat.iobj
d:\novapapka\python-3.11.2\pcbuild\amd64\pyexpat.pdb
d:\novapapka\python-3.11.2\pcbuild\amd64\pyexpat.lib
d:\novapapka\python-3.11.2\pcbuild\amd64\pyexpat.exp
d:\novapapka\python-3.11.2\pcbuild\obj\311amd64_release\pyexpat\python_nt.res
d:\novapapka\python-3.11.2\pcbuild\obj\311amd64_release\pyexpat\pyexpat.vcxproj.filelistabsolute.txt
d:\novapapka\python-3.11.2\pcbuild\obj\311amd64_release\pyexpat\pyexpat.tlog\cl.14764.write.1.tlog
d:\novapapka\python-3.11.2\pcbuild\obj\311amd64_release\pyexpat\pyexpat.tlog\cl.command.1.tlog
d:\novapapka\python-3.11.2\pcbuild\obj\311amd64_release\pyexpat\pyexpat.tlog\cl.read.1.tlog
d:\novapapka\python-3.11.2\pcbuild\obj\311amd64_release\pyexpat\pyexpat.tlog\link.command.1.tlog
d:\novapapka\python-3.11.2\pcbuild\obj\311amd64_release\pyexpat\pyexpat.tlog\link.read.1.tlog
d:\novapapka\python-3.11.2\pcbuild\obj\311amd64_release\pyexpat\pyexpat.tlog\link.write.1.tlog
d:\novapapka\python-3.11.2\pcbuild\obj\311amd64_release\pyexpat\pyexpat.tlog\link.write.2u.tlog
d:\novapapka\python-3.11.2\pcbuild\obj\311amd64_release\pyexpat\pyexpat.tlog\rc.command.1.tlog
d:\novapapka\python-3.11.2\pcbuild\obj\311amd64_release\pyexpat\pyexpat.tlog\rc.read.1.tlog
d:\novapapka\python-3.11.2\pcbuild\obj\311amd64_release\pyexpat\pyexpat.tlog\rc.write.1.tlog
