d:\novapapka\python-3.11.2\pcbuild\obj\311amd64_release\_decimal\context.obj
d:\novapapka\python-3.11.2\pcbuild\obj\311amd64_release\_decimal\convolute.obj
d:\novapapka\python-3.11.2\pcbuild\obj\311amd64_release\_decimal\fnt.obj
d:\novapapka\python-3.11.2\pcbuild\obj\311amd64_release\_decimal\mpalloc.obj
d:\novapapka\python-3.11.2\pcbuild\obj\311amd64_release\_decimal\transpose.obj
d:\novapapka\python-3.11.2\pcbuild\obj\311amd64_release\_decimal\basearith.obj
d:\novapapka\python-3.11.2\pcbuild\obj\311amd64_release\_decimal\crt.obj
d:\novapapka\python-3.11.2\pcbuild\obj\311amd64_release\_decimal\fourstep.obj
d:\novapapka\python-3.11.2\pcbuild\obj\311amd64_release\_decimal\numbertheory.obj
d:\novapapka\python-3.11.2\pcbuild\obj\311amd64_release\_decimal\_decimal.obj
d:\novapapka\python-3.11.2\pcbuild\obj\311amd64_release\_decimal\mpdecimal.obj
d:\novapapka\python-3.11.2\pcbuild\obj\311amd64_release\_decimal\constants.obj
d:\novapapka\python-3.11.2\pcbuild\obj\311amd64_release\_decimal\difradix2.obj
d:\novapapka\python-3.11.2\pcbuild\obj\311amd64_release\_decimal\io.obj
d:\novapapka\python-3.11.2\pcbuild\obj\311amd64_release\_decimal\sixstep.obj
d:\novapapka\python-3.11.2\pcbuild\obj\311amd64_release\_decimal\vc143.pdb
d:\novapapka\python-3.11.2\pcbuild\obj\311amd64_release\_decimal\vcdiv64.obj
d:\novapapka\python-3.11.2\pcbuild\amd64\_decimal.pyd
d:\novapapka\python-3.11.2\pcbuild\obj\311amd64_release\_decimal\_decimal.iobj
d:\novapapka\python-3.11.2\pcbuild\amd64\_decimal.pdb
d:\novapapka\python-3.11.2\pcbuild\amd64\_decimal.lib
d:\novapapka\python-3.11.2\pcbuild\amd64\_decimal.exp
d:\novapapka\python-3.11.2\pcbuild\obj\311amd64_release\_decimal\python_nt.res
d:\novapapka\python-3.11.2\pcbuild\obj\311amd64_release\_decimal\_decimal.vcxproj.filelistabsolute.txt
d:\novapapka\python-3.11.2\pcbuild\obj\311amd64_release\_decimal\_decimal.tlog\cl.11520.write.1.tlog
d:\novapapka\python-3.11.2\pcbuild\obj\311amd64_release\_decimal\_decimal.tlog\cl.command.1.tlog
d:\novapapka\python-3.11.2\pcbuild\obj\311amd64_release\_decimal\_decimal.tlog\cl.read.1.tlog
d:\novapapka\python-3.11.2\pcbuild\obj\311amd64_release\_decimal\_decimal.tlog\custombuild.command.1.tlog
d:\novapapka\python-3.11.2\pcbuild\obj\311amd64_release\_decimal\_decimal.tlog\custombuild.read.1.tlog
d:\novapapka\python-3.11.2\pcbuild\obj\311amd64_release\_decimal\_decimal.tlog\custombuild.write.1.tlog
d:\novapapka\python-3.11.2\pcbuild\obj\311amd64_release\_decimal\_decimal.tlog\link.command.1.tlog
d:\novapapka\python-3.11.2\pcbuild\obj\311amd64_release\_decimal\_decimal.tlog\link.read.1.tlog
d:\novapapka\python-3.11.2\pcbuild\obj\311amd64_release\_decimal\_decimal.tlog\link.write.1.tlog
d:\novapapka\python-3.11.2\pcbuild\obj\311amd64_release\_decimal\_decimal.tlog\link.write.2u.tlog
d:\novapapka\python-3.11.2\pcbuild\obj\311amd64_release\_decimal\_decimal.tlog\rc.command.1.tlog
d:\novapapka\python-3.11.2\pcbuild\obj\311amd64_release\_decimal\_decimal.tlog\rc.read.1.tlog
d:\novapapka\python-3.11.2\pcbuild\obj\311amd64_release\_decimal\_decimal.tlog\rc.write.1.tlog
