d:\novapapka\python-3.11.2\pcbuild\obj\311amd64_release\_elementtree\xmlrole.obj
d:\novapapka\python-3.11.2\pcbuild\obj\311amd64_release\_elementtree\_elementtree.obj
d:\novapapka\python-3.11.2\pcbuild\obj\311amd64_release\_elementtree\xmlparse.obj
d:\novapapka\python-3.11.2\pcbuild\obj\311amd64_release\_elementtree\xmltok.obj
d:\novapapka\python-3.11.2\pcbuild\obj\311amd64_release\_elementtree\vc143.pdb
d:\novapapka\python-3.11.2\pcbuild\amd64\_elementtree.pyd
d:\novapapka\python-3.11.2\pcbuild\obj\311amd64_release\_elementtree\_elementtree.iobj
d:\novapapka\python-3.11.2\pcbuild\amd64\_elementtree.pdb
d:\novapapka\python-3.11.2\pcbuild\amd64\_elementtree.lib
d:\novapapka\python-3.11.2\pcbuild\amd64\_elementtree.exp
d:\novapapka\python-3.11.2\pcbuild\obj\311amd64_release\_elementtree\python_nt.res
d:\novapapka\python-3.11.2\pcbuild\obj\311amd64_release\_elementtree\_elementtree.vcxproj.filelistabsolute.txt
d:\novapapka\python-3.11.2\pcbuild\obj\311amd64_release\_elementtree\_elementtree.tlog\cl.15320.write.1.tlog
d:\novapapka\python-3.11.2\pcbuild\obj\311amd64_release\_elementtree\_elementtree.tlog\cl.command.1.tlog
d:\novapapka\python-3.11.2\pcbuild\obj\311amd64_release\_elementtree\_elementtree.tlog\cl.read.1.tlog
d:\novapapka\python-3.11.2\pcbuild\obj\311amd64_release\_elementtree\_elementtree.tlog\link.command.1.tlog
d:\novapapka\python-3.11.2\pcbuild\obj\311amd64_release\_elementtree\_elementtree.tlog\link.read.1.tlog
d:\novapapka\python-3.11.2\pcbuild\obj\311amd64_release\_elementtree\_elementtree.tlog\link.write.1.tlog
d:\novapapka\python-3.11.2\pcbuild\obj\311amd64_release\_elementtree\_elementtree.tlog\link.write.2u.tlog
d:\novapapka\python-3.11.2\pcbuild\obj\311amd64_release\_elementtree\_elementtree.tlog\rc.command.1.tlog
d:\novapapka\python-3.11.2\pcbuild\obj\311amd64_release\_elementtree\_elementtree.tlog\rc.read.1.tlog
d:\novapapka\python-3.11.2\pcbuild\obj\311amd64_release\_elementtree\_elementtree.tlog\rc.write.1.tlog
