d:\novapapka\python-3.11.2\pcbuild\obj\311amd64_release\_tkinter\_tkinter.obj
d:\novapapka\python-3.11.2\pcbuild\obj\311amd64_release\_tkinter\tkappinit.obj
d:\novapapka\python-3.11.2\pcbuild\obj\311amd64_release\_tkinter\vc143.pdb
d:\novapapka\python-3.11.2\pcbuild\amd64\_tkinter.pyd
d:\novapapka\python-3.11.2\pcbuild\obj\311amd64_release\_tkinter\_tkinter.iobj
d:\novapapka\python-3.11.2\pcbuild\amd64\_tkinter.pdb
d:\novapapka\python-3.11.2\pcbuild\amd64\_tkinter.lib
d:\novapapka\python-3.11.2\pcbuild\amd64\_tkinter.exp
d:\novapapka\python-3.11.2\pcbuild\obj\311amd64_release\_tkinter\python_nt.res
d:\novapapka\python-3.11.2\pcbuild\obj\311amd64_release\_tkinter\_tkinter.vcxproj.filelistabsolute.txt
d:\novapapka\python-3.11.2\pcbuild\obj\311amd64_release\_tkinter\_tkinter.tlog\cl.18124.write.1.tlog
d:\novapapka\python-3.11.2\pcbuild\obj\311amd64_release\_tkinter\_tkinter.tlog\cl.command.1.tlog
d:\novapapka\python-3.11.2\pcbuild\obj\311amd64_release\_tkinter\_tkinter.tlog\cl.read.1.tlog
d:\novapapka\python-3.11.2\pcbuild\obj\311amd64_release\_tkinter\_tkinter.tlog\link.command.1.tlog
d:\novapapka\python-3.11.2\pcbuild\obj\311amd64_release\_tkinter\_tkinter.tlog\link.read.1.tlog
d:\novapapka\python-3.11.2\pcbuild\obj\311amd64_release\_tkinter\_tkinter.tlog\link.write.1.tlog
d:\novapapka\python-3.11.2\pcbuild\obj\311amd64_release\_tkinter\_tkinter.tlog\link.write.2u.tlog
d:\novapapka\python-3.11.2\pcbuild\obj\311amd64_release\_tkinter\_tkinter.tlog\rc.command.1.tlog
d:\novapapka\python-3.11.2\pcbuild\obj\311amd64_release\_tkinter\_tkinter.tlog\rc.read.1.tlog
d:\novapapka\python-3.11.2\pcbuild\obj\311amd64_release\_tkinter\_tkinter.tlog\rc.write.1.tlog
