d:\novapapka\python-3.11.2\pcbuild\obj\311amd64_release\_sqlite3\module.obj
d:\novapapka\python-3.11.2\pcbuild\obj\311amd64_release\_sqlite3\row.obj
d:\novapapka\python-3.11.2\pcbuild\obj\311amd64_release\_sqlite3\microprotocols.obj
d:\novapapka\python-3.11.2\pcbuild\obj\311amd64_release\_sqlite3\prepare_protocol.obj
d:\novapapka\python-3.11.2\pcbuild\obj\311amd64_release\_sqlite3\blob.obj
d:\novapapka\python-3.11.2\pcbuild\obj\311amd64_release\_sqlite3\connection.obj
d:\novapapka\python-3.11.2\pcbuild\obj\311amd64_release\_sqlite3\util.obj
d:\novapapka\python-3.11.2\pcbuild\obj\311amd64_release\_sqlite3\cursor.obj
d:\novapapka\python-3.11.2\pcbuild\obj\311amd64_release\_sqlite3\statement.obj
d:\novapapka\python-3.11.2\pcbuild\obj\311amd64_release\_sqlite3\vc143.pdb
d:\novapapka\python-3.11.2\pcbuild\amd64\_sqlite3.pyd
d:\novapapka\python-3.11.2\pcbuild\obj\311amd64_release\_sqlite3\_sqlite3.iobj
d:\novapapka\python-3.11.2\pcbuild\amd64\_sqlite3.pdb
d:\novapapka\python-3.11.2\pcbuild\amd64\_sqlite3.lib
d:\novapapka\python-3.11.2\pcbuild\amd64\_sqlite3.exp
d:\novapapka\python-3.11.2\pcbuild\obj\311amd64_release\_sqlite3\python_nt.res
d:\novapapka\python-3.11.2\pcbuild\obj\311amd64_release\_sqlite3\_sqlite3.vcxproj.filelistabsolute.txt
d:\novapapka\python-3.11.2\pcbuild\obj\311amd64_release\_sqlite3\_sqlite3.tlog\cl.1276.write.1.tlog
d:\novapapka\python-3.11.2\pcbuild\obj\311amd64_release\_sqlite3\_sqlite3.tlog\cl.command.1.tlog
d:\novapapka\python-3.11.2\pcbuild\obj\311amd64_release\_sqlite3\_sqlite3.tlog\cl.read.1.tlog
d:\novapapka\python-3.11.2\pcbuild\obj\311amd64_release\_sqlite3\_sqlite3.tlog\link.command.1.tlog
d:\novapapka\python-3.11.2\pcbuild\obj\311amd64_release\_sqlite3\_sqlite3.tlog\link.read.1.tlog
d:\novapapka\python-3.11.2\pcbuild\obj\311amd64_release\_sqlite3\_sqlite3.tlog\link.write.1.tlog
d:\novapapka\python-3.11.2\pcbuild\obj\311amd64_release\_sqlite3\_sqlite3.tlog\link.write.2u.tlog
d:\novapapka\python-3.11.2\pcbuild\obj\311amd64_release\_sqlite3\_sqlite3.tlog\rc.command.1.tlog
d:\novapapka\python-3.11.2\pcbuild\obj\311amd64_release\_sqlite3\_sqlite3.tlog\rc.read.1.tlog
d:\novapapka\python-3.11.2\pcbuild\obj\311amd64_release\_sqlite3\_sqlite3.tlog\rc.write.1.tlog
