d:\новая папка\cpython-main\cpython-main\pcbuild\obj\312amd64_release\pythoncore\vc143.pdb
d:\новая папка\cpython-main\cpython-main\pcbuild\obj\312amd64_release\pythoncore\getpath.obj
d:\новая папка\cpython-main\cpython-main\pcbuild\obj\312amd64_release\pythoncore\_abc.obj
d:\новая папка\cpython-main\cpython-main\pcbuild\obj\312amd64_release\pythoncore\_codecsmodule.obj
d:\новая папка\cpython-main\cpython-main\pcbuild\obj\312amd64_release\pythoncore\_heapqmodule.obj
d:\новая папка\cpython-main\cpython-main\pcbuild\obj\312amd64_release\pythoncore\_pickle.obj
d:\новая папка\cpython-main\cpython-main\pcbuild\obj\312amd64_release\pythoncore\_stat.obj
d:\новая папка\cpython-main\cpython-main\pcbuild\obj\312amd64_release\pythoncore\audioop.obj
d:\новая папка\cpython-main\cpython-main\pcbuild\obj\312amd64_release\pythoncore\faulthandler.obj
d:\новая папка\cpython-main\cpython-main\pcbuild\obj\312amd64_release\pythoncore\mathmodule.obj
d:\новая папка\cpython-main\cpython-main\pcbuild\obj\312amd64_release\pythoncore\_operator.obj
d:\новая папка\cpython-main\cpython-main\pcbuild\obj\312amd64_release\pythoncore\sha1module.obj
d:\новая папка\cpython-main\cpython-main\pcbuild\obj\312amd64_release\pythoncore\_statisticsmodule.obj
d:\новая папка\cpython-main\cpython-main\pcbuild\obj\312amd64_release\pythoncore\_typingmodule.obj
d:\новая папка\cpython-main\cpython-main\pcbuild\obj\312amd64_release\pythoncore\fileio.obj
d:\новая папка\cpython-main\cpython-main\pcbuild\obj\312amd64_release\pythoncore\iobase.obj
d:\новая папка\cpython-main\cpython-main\pcbuild\obj\312amd64_release\pythoncore\_codecs_cn.obj
d:\новая папка\cpython-main\cpython-main\pcbuild\obj\312amd64_release\pythoncore\_codecs_jp.obj
d:\новая папка\cpython-main\cpython-main\pcbuild\obj\312amd64_release\pythoncore\abstract.obj
d:\новая папка\cpython-main\cpython-main\pcbuild\obj\312amd64_release\pythoncore\bytesobject.obj
d:\новая папка\cpython-main\cpython-main\pcbuild\obj\312amd64_release\pythoncore\codeobject.obj
d:\новая папка\cpython-main\cpython-main\pcbuild\obj\312amd64_release\pythoncore\enumobject.obj
d:\новая папка\cpython-main\cpython-main\pcbuild\obj\312amd64_release\pythoncore\frameobject.obj
d:\новая папка\cpython-main\cpython-main\pcbuild\obj\312amd64_release\pythoncore\interpreteridobject.obj
d:\новая папка\cpython-main\cpython-main\pcbuild\obj\312amd64_release\pythoncore\memoryobject.obj
d:\новая папка\cpython-main\cpython-main\pcbuild\obj\312amd64_release\pythoncore\object.obj
d:\новая папка\cpython-main\cpython-main\pcbuild\obj\312amd64_release\pythoncore\setobject.obj
d:\новая папка\cpython-main\cpython-main\pcbuild\obj\312amd64_release\pythoncore\typeobject.obj
d:\новая папка\cpython-main\cpython-main\pcbuild\obj\312amd64_release\pythoncore\myreadline.obj
d:\новая папка\cpython-main\cpython-main\pcbuild\obj\312amd64_release\pythoncore\action_helpers.obj
d:\новая папка\cpython-main\cpython-main\pcbuild\obj\312amd64_release\pythoncore\msvcrtmodule.obj
d:\новая папка\cpython-main\cpython-main\pcbuild\obj\312amd64_release\pythoncore\bootstrap_hash.obj
d:\новая папка\cpython-main\cpython-main\pcbuild\obj\312amd64_release\pythoncore\compile.obj
d:\новая папка\cpython-main\cpython-main\pcbuild\obj\312amd64_release\pythoncore\fileutils.obj
d:\новая папка\cpython-main\cpython-main\pcbuild\obj\312amd64_release\pythoncore\future.obj
d:\новая папка\cpython-main\cpython-main\pcbuild\obj\312amd64_release\pythoncore\getcompiler.obj
d:\новая папка\cpython-main\cpython-main\pcbuild\obj\312amd64_release\pythoncore\getplatform.obj
d:\новая папка\cpython-main\cpython-main\pcbuild\obj\312amd64_release\pythoncore\hamt.obj
d:\новая папка\cpython-main\cpython-main\pcbuild\obj\312amd64_release\pythoncore\intrinsics.obj
d:\новая папка\cpython-main\cpython-main\pcbuild\obj\312amd64_release\pythoncore\perf_trampoline.obj
d:\новая папка\cpython-main\cpython-main\pcbuild\obj\312amd64_release\pythoncore\pyarena.obj
d:\новая папка\cpython-main\cpython-main\pcbuild\obj\312amd64_release\pythoncore\pymath.obj
d:\новая папка\cpython-main\cpython-main\pcbuild\obj\312amd64_release\pythoncore\pystrcmp.obj
d:\новая папка\cpython-main\cpython-main\pcbuild\obj\312amd64_release\pythoncore\pystrhex.obj
d:\новая папка\cpython-main\cpython-main\pcbuild\obj\312amd64_release\pythoncore\pystrtod.obj
d:\новая папка\cpython-main\cpython-main\pcbuild\obj\312amd64_release\pythoncore\python-ast.obj
d:\новая папка\cpython-main\cpython-main\pcbuild\obj\312amd64_release\pythoncore\structmember.obj
d:\новая папка\cpython-main\cpython-main\pcbuild\obj\312amd64_release\pythoncore\thread.obj
d:\новая папка\cpython-main\cpython-main\pcbuild\obj\312amd64_release\pythoncore\blake2b_impl.obj
d:\новая папка\cpython-main\cpython-main\pcbuild\obj\312amd64_release\pythoncore\_contextvarsmodule.obj
d:\новая папка\cpython-main\cpython-main\pcbuild\obj\312amd64_release\pythoncore\_json.obj
d:\новая папка\cpython-main\cpython-main\pcbuild\obj\312amd64_release\pythoncore\_randommodule.obj
d:\новая папка\cpython-main\cpython-main\pcbuild\obj\312amd64_release\pythoncore\_struct.obj
d:\новая папка\cpython-main\cpython-main\pcbuild\obj\312amd64_release\pythoncore\atexitmodule.obj
d:\новая папка\cpython-main\cpython-main\pcbuild\obj\312amd64_release\pythoncore\_datetimemodule.obj
d:\новая папка\cpython-main\cpython-main\pcbuild\obj\312amd64_release\pythoncore\main.obj
d:\новая папка\cpython-main\cpython-main\pcbuild\obj\312amd64_release\pythoncore\_opcode.obj
d:\новая папка\cpython-main\cpython-main\pcbuild\obj\312amd64_release\pythoncore\rotatingtree.obj
d:\новая папка\cpython-main\cpython-main\pcbuild\obj\312amd64_release\pythoncore\hacl_hash_sha1.obj
d:\новая папка\cpython-main\cpython-main\pcbuild\obj\312amd64_release\pythoncore\sha2module.obj
d:\новая папка\cpython-main\cpython-main\pcbuild\obj\312amd64_release\pythoncore\symtablemodule.obj
d:\новая папка\cpython-main\cpython-main\pcbuild\obj\312amd64_release\pythoncore\timemodule.obj
d:\новая папка\cpython-main\cpython-main\pcbuild\obj\312amd64_release\pythoncore\bytesio.obj
d:\новая папка\cpython-main\cpython-main\pcbuild\obj\312amd64_release\pythoncore\textio.obj
d:\новая папка\cpython-main\cpython-main\pcbuild\obj\312amd64_release\pythoncore\_codecs_hk.obj
d:\новая папка\cpython-main\cpython-main\pcbuild\obj\312amd64_release\pythoncore\_codecs_kr.obj
d:\новая папка\cpython-main\cpython-main\pcbuild\obj\312amd64_release\pythoncore\boolobject.obj
d:\новая папка\cpython-main\cpython-main\pcbuild\obj\312amd64_release\pythoncore\bytes_methods.obj
d:\новая папка\cpython-main\cpython-main\pcbuild\obj\312amd64_release\pythoncore\call.obj
d:\новая папка\cpython-main\cpython-main\pcbuild\obj\312amd64_release\pythoncore\complexobject.obj
d:\новая папка\cpython-main\cpython-main\pcbuild\obj\312amd64_release\pythoncore\exceptions.obj
d:\новая папка\cpython-main\cpython-main\pcbuild\obj\312amd64_release\pythoncore\funcobject.obj
d:\новая папка\cpython-main\cpython-main\pcbuild\obj\312amd64_release\pythoncore\iterobject.obj
d:\новая папка\cpython-main\cpython-main\pcbuild\obj\312amd64_release\pythoncore\methodobject.obj
d:\новая папка\cpython-main\cpython-main\pcbuild\obj\312amd64_release\pythoncore\odictobject.obj
d:\новая папка\cpython-main\cpython-main\pcbuild\obj\312amd64_release\pythoncore\sliceobject.obj
d:\новая папка\cpython-main\cpython-main\pcbuild\obj\312amd64_release\pythoncore\unicodectype.obj
d:\новая папка\cpython-main\cpython-main\pcbuild\obj\312amd64_release\pythoncore\unionobject.obj
d:\новая папка\cpython-main\cpython-main\pcbuild\obj\312amd64_release\pythoncore\token.obj
d:\новая папка\cpython-main\cpython-main\pcbuild\obj\312amd64_release\pythoncore\pegen.obj
d:\новая папка\cpython-main\cpython-main\pcbuild\obj\312amd64_release\pythoncore\invalid_parameter_handler.obj
d:\новая папка\cpython-main\cpython-main\pcbuild\obj\312amd64_release\pythoncore\config.obj
d:\новая папка\cpython-main\cpython-main\pcbuild\obj\312amd64_release\pythoncore\_warnings.obj
d:\новая папка\cpython-main\cpython-main\pcbuild\obj\312amd64_release\pythoncore\ast_unparse.obj
d:\новая папка\cpython-main\cpython-main\pcbuild\obj\312amd64_release\pythoncore\codecs.obj
d:\новая папка\cpython-main\cpython-main\pcbuild\obj\312amd64_release\pythoncore\dynload_win.obj
d:\новая папка\cpython-main\cpython-main\pcbuild\obj\312amd64_release\pythoncore\formatter_unicode.obj
d:\новая папка\cpython-main\cpython-main\pcbuild\obj\312amd64_release\pythoncore\getcopyright.obj
d:\новая папка\cpython-main\cpython-main\pcbuild\obj\312amd64_release\pythoncore\getversion.obj
d:\новая папка\cpython-main\cpython-main\pcbuild\obj\312amd64_release\pythoncore\hashtable.obj
d:\новая папка\cpython-main\cpython-main\pcbuild\obj\312amd64_release\pythoncore\importdl.obj
d:\новая папка\cpython-main\cpython-main\pcbuild\obj\312amd64_release\pythoncore\modsupport.obj
d:\новая папка\cpython-main\cpython-main\pcbuild\obj\312amd64_release\pythoncore\mysnprintf.obj
d:\новая папка\cpython-main\cpython-main\pcbuild\obj\312amd64_release\pythoncore\mystrtoul.obj
d:\новая папка\cpython-main\cpython-main\pcbuild\obj\312amd64_release\pythoncore\pyfpe.obj
d:\новая папка\cpython-main\cpython-main\pcbuild\obj\312amd64_release\pythoncore\pylifecycle.obj
d:\новая папка\cpython-main\cpython-main\pcbuild\obj\312amd64_release\pythoncore\dtoa.obj
d:\новая папка\cpython-main\cpython-main\pcbuild\obj\312amd64_release\pythoncore\specialize.obj
d:\новая папка\cpython-main\cpython-main\pcbuild\obj\312amd64_release\pythoncore\traceback.obj
d:\новая папка\cpython-main\cpython-main\pcbuild\obj\312amd64_release\pythoncore\_bisectmodule.obj
d:\новая папка\cpython-main\cpython-main\pcbuild\obj\312amd64_release\pythoncore\blake2s_impl.obj
d:\новая папка\cpython-main\cpython-main\pcbuild\obj\312amd64_release\pythoncore\_functoolsmodule.obj
d:\новая папка\cpython-main\cpython-main\pcbuild\obj\312amd64_release\pythoncore\_lsprof.obj
d:\новая папка\cpython-main\cpython-main\pcbuild\obj\312amd64_release\pythoncore\sre.obj
d:\новая папка\cpython-main\cpython-main\pcbuild\obj\312amd64_release\pythoncore\arraymodule.obj
d:\новая папка\cpython-main\cpython-main\pcbuild\obj\312amd64_release\pythoncore\errnomodule.obj
d:\новая папка\cpython-main\cpython-main\pcbuild\obj\312amd64_release\pythoncore\itertoolsmodule.obj
d:\новая папка\cpython-main\cpython-main\pcbuild\obj\312amd64_release\pythoncore\md5module.obj
d:\новая папка\cpython-main\cpython-main\pcbuild\obj\312amd64_release\pythoncore\posixmodule.obj
d:\новая папка\cpython-main\cpython-main\pcbuild\obj\312amd64_release\pythoncore\_threadmodule.obj
d:\новая папка\cpython-main\cpython-main\pcbuild\obj\312amd64_release\pythoncore\xxsubtype.obj
d:\новая папка\cpython-main\cpython-main\pcbuild\obj\312amd64_release\pythoncore\_xxinterpchannelsmodule.obj
d:\новая папка\cpython-main\cpython-main\pcbuild\obj\312amd64_release\pythoncore\bufferedio.obj
d:\новая папка\cpython-main\cpython-main\pcbuild\obj\312amd64_release\pythoncore\_iomodule.obj
d:\новая папка\cpython-main\cpython-main\pcbuild\obj\312amd64_release\pythoncore\_codecs_tw.obj
d:\новая папка\cpython-main\cpython-main\pcbuild\obj\312amd64_release\pythoncore\_winapi.obj
d:\новая папка\cpython-main\cpython-main\pcbuild\obj\312amd64_release\pythoncore\capsule.obj
d:\новая папка\cpython-main\cpython-main\pcbuild\obj\312amd64_release\pythoncore\classobject.obj
d:\новая папка\cpython-main\cpython-main\pcbuild\obj\312amd64_release\pythoncore\dictobject.obj
d:\новая папка\cpython-main\cpython-main\pcbuild\obj\312amd64_release\pythoncore\floatobject.obj
d:\новая папка\cpython-main\cpython-main\pcbuild\obj\312amd64_release\pythoncore\genobject.obj
d:\новая папка\cpython-main\cpython-main\pcbuild\obj\312amd64_release\pythoncore\longobject.obj
d:\новая папка\cpython-main\cpython-main\pcbuild\obj\312amd64_release\pythoncore\namespaceobject.obj
d:\новая папка\cpython-main\cpython-main\pcbuild\obj\312amd64_release\pythoncore\obmalloc.obj
d:\новая папка\cpython-main\cpython-main\pcbuild\obj\312amd64_release\pythoncore\structseq.obj
d:\новая папка\cpython-main\cpython-main\pcbuild\obj\312amd64_release\pythoncore\unicodeobject.obj
d:\новая папка\cpython-main\cpython-main\pcbuild\obj\312amd64_release\pythoncore\tokenizer.obj
d:\новая папка\cpython-main\cpython-main\pcbuild\obj\312amd64_release\pythoncore\string_parser.obj
d:\новая папка\cpython-main\cpython-main\pcbuild\obj\312amd64_release\pythoncore\peg_api.obj
d:\новая папка\cpython-main\cpython-main\pcbuild\obj\312amd64_release\pythoncore\pyhash.obj
d:\новая папка\cpython-main\cpython-main\pcbuild\obj\312amd64_release\pythoncore\asdl.obj
d:\новая папка\cpython-main\cpython-main\pcbuild\obj\312amd64_release\pythoncore\ast.obj
d:\новая папка\cpython-main\cpython-main\pcbuild\obj\312amd64_release\pythoncore\bltinmodule.obj
d:\новая папка\cpython-main\cpython-main\pcbuild\obj\312amd64_release\pythoncore\context.obj
d:\новая папка\cpython-main\cpython-main\pcbuild\obj\312amd64_release\pythoncore\errors.obj
d:\новая папка\cpython-main\cpython-main\pcbuild\obj\312amd64_release\pythoncore\frozen.obj
d:\новая папка\cpython-main\cpython-main\pcbuild\obj\312amd64_release\pythoncore\getargs.obj
d:\новая папка\cpython-main\cpython-main\pcbuild\obj\312amd64_release\pythoncore\import.obj
d:\новая папка\cpython-main\cpython-main\pcbuild\obj\312amd64_release\pythoncore\marshal.obj
d:\новая папка\cpython-main\cpython-main\pcbuild\obj\312amd64_release\pythoncore\preconfig.obj
d:\новая папка\cpython-main\cpython-main\pcbuild\obj\312amd64_release\pythoncore\pyctype.obj
d:\новая папка\cpython-main\cpython-main\pcbuild\obj\312amd64_release\pythoncore\pytime.obj
d:\новая папка\cpython-main\cpython-main\pcbuild\obj\312amd64_release\pythoncore\pythonrun.obj
d:\новая папка\cpython-main\cpython-main\pcbuild\obj\312amd64_release\pythoncore\symtable.obj
d:\новая папка\cpython-main\cpython-main\pcbuild\obj\312amd64_release\pythoncore\dl_nt.obj
d:\новая папка\cpython-main\cpython-main\pcbuild\obj\312amd64_release\pythoncore\blake2module.obj
d:\новая папка\cpython-main\cpython-main\pcbuild\obj\312amd64_release\pythoncore\_collectionsmodule.obj
d:\новая папка\cpython-main\cpython-main\pcbuild\obj\312amd64_release\pythoncore\_csv.obj
d:\новая папка\cpython-main\cpython-main\pcbuild\obj\312amd64_release\pythoncore\_localemodule.obj
d:\новая папка\cpython-main\cpython-main\pcbuild\obj\312amd64_release\pythoncore\sha3module.obj
d:\новая папка\cpython-main\cpython-main\pcbuild\obj\312amd64_release\pythoncore\_weakref.obj
d:\новая папка\cpython-main\cpython-main\pcbuild\obj\312amd64_release\pythoncore\cmathmodule.obj
d:\новая папка\cpython-main\cpython-main\pcbuild\obj\312amd64_release\pythoncore\gcmodule.obj
d:\новая папка\cpython-main\cpython-main\pcbuild\obj\312amd64_release\pythoncore\hacl_hash_md5.obj
d:\новая папка\cpython-main\cpython-main\pcbuild\obj\312amd64_release\pythoncore\mmapmodule.obj
d:\новая папка\cpython-main\cpython-main\pcbuild\obj\312amd64_release\pythoncore\hacl_streaming_sha2.obj
d:\новая папка\cpython-main\cpython-main\pcbuild\obj\312amd64_release\pythoncore\signalmodule.obj
d:\новая папка\cpython-main\cpython-main\pcbuild\obj\312amd64_release\pythoncore\_tracemalloc.obj
d:\новая папка\cpython-main\cpython-main\pcbuild\obj\312amd64_release\pythoncore\_xxsubinterpretersmodule.obj
d:\новая папка\cpython-main\cpython-main\pcbuild\obj\312amd64_release\pythoncore\stringio.obj
d:\новая папка\cpython-main\cpython-main\pcbuild\obj\312amd64_release\pythoncore\winconsoleio.obj
d:\новая папка\cpython-main\cpython-main\pcbuild\obj\312amd64_release\pythoncore\_codecs_iso2022.obj
d:\новая папка\cpython-main\cpython-main\pcbuild\obj\312amd64_release\pythoncore\multibytecodec.obj
d:\новая папка\cpython-main\cpython-main\pcbuild\obj\312amd64_release\pythoncore\bytearrayobject.obj
d:\новая папка\cpython-main\cpython-main\pcbuild\obj\312amd64_release\pythoncore\cellobject.obj
d:\новая папка\cpython-main\cpython-main\pcbuild\obj\312amd64_release\pythoncore\descrobject.obj
d:\новая папка\cpython-main\cpython-main\pcbuild\obj\312amd64_release\pythoncore\fileobject.obj
d:\новая папка\cpython-main\cpython-main\pcbuild\obj\312amd64_release\pythoncore\genericaliasobject.obj
d:\новая папка\cpython-main\cpython-main\pcbuild\obj\312amd64_release\pythoncore\listobject.obj
d:\новая папка\cpython-main\cpython-main\pcbuild\obj\312amd64_release\pythoncore\moduleobject.obj
d:\новая папка\cpython-main\cpython-main\pcbuild\obj\312amd64_release\pythoncore\picklebufobject.obj
d:\новая папка\cpython-main\cpython-main\pcbuild\obj\312amd64_release\pythoncore\rangeobject.obj
d:\новая папка\cpython-main\cpython-main\pcbuild\obj\312amd64_release\pythoncore\tupleobject.obj
d:\новая папка\cpython-main\cpython-main\pcbuild\obj\312amd64_release\pythoncore\weakrefobject.obj
d:\новая папка\cpython-main\cpython-main\pcbuild\obj\312amd64_release\pythoncore\pegen_errors.obj
d:\новая папка\cpython-main\cpython-main\pcbuild\obj\312amd64_release\pythoncore\parser.obj
d:\новая папка\cpython-main\cpython-main\pcbuild\obj\312amd64_release\pythoncore\winreg.obj
d:\новая папка\cpython-main\cpython-main\pcbuild\obj\312amd64_release\pythoncore\ast_opt.obj
d:\новая папка\cpython-main\cpython-main\pcbuild\obj\312amd64_release\pythoncore\ceval.obj
d:\новая папка\cpython-main\cpython-main\pcbuild\obj\312amd64_release\pythoncore\dynamic_annotations.obj
d:\новая папка\cpython-main\cpython-main\pcbuild\obj\312amd64_release\pythoncore\frame.obj
d:\новая папка\cpython-main\cpython-main\pcbuild\obj\312amd64_release\pythoncore\getopt.obj
d:\новая папка\cpython-main\cpython-main\pcbuild\obj\312amd64_release\pythoncore\ceval_gil.obj
d:\новая папка\cpython-main\cpython-main\pcbuild\obj\312amd64_release\pythoncore\initconfig.obj
d:\новая папка\cpython-main\cpython-main\pcbuild\obj\312amd64_release\pythoncore\pathconfig.obj
d:\новая папка\cpython-main\cpython-main\pcbuild\obj\312amd64_release\pythoncore\pystate.obj
d:\новая папка\cpython-main\cpython-main\pcbuild\obj\312amd64_release\pythoncore\python-tokenize.obj
d:\новая папка\cpython-main\cpython-main\pcbuild\obj\312amd64_release\pythoncore\suggestions.obj
d:\новая папка\cpython-main\cpython-main\pcbuild\obj\312amd64_release\pythoncore\deepfreeze.obj
d:\новая папка\cpython-main\cpython-main\pcbuild\obj\312amd64_release\pythoncore\pythoncore.vcxproj.filelistabsolute.txt
d:\новая папка\cpython-main\cpython-main\pcbuild\obj\312amd64_release\pythoncore\pythoncore.tlog\cl.command.1.tlog
d:\новая папка\cpython-main\cpython-main\pcbuild\obj\312amd64_release\pythoncore\pythoncore.tlog\cl.read.1.tlog
d:\новая папка\cpython-main\cpython-main\pcbuild\obj\312amd64_release\pythoncore\pythoncore.tlog\cl.write.1.tlog
